[INFO] Scanning for projects...
[INFO] 
[INFO] ------------------------< com.ibizabroker:lms >-------------------------
[INFO] Building lms 0.0.1-SNAPSHOT
[INFO]   from pom.xml
[INFO] --------------------------------[ jar ]---------------------------------
[INFO] 
[INFO] --- clean:3.4.1:clean (default-clean) @ lms ---
[INFO] Deleting C:\Users\Admin\library-management-system\lms-backend\target
[INFO] 
[INFO] --- enforcer:3.2.1:enforce (enforce-java) @ lms ---
[INFO] Rule 0: org.apache.maven.enforcer.rules.version.RequireJavaVersion passed
[INFO] 
[INFO] --- resources:3.3.1:resources (default-resources) @ lms ---
[INFO] Copying 1 resource from src\main\resources to target\classes
[INFO] Copying 2 resources from src\main\resources to target\classes
[INFO] 
[INFO] --- compiler:3.11.0:compile (default-compile) @ lms ---
[INFO] Changes detected - recompiling the module! :source
[INFO] Compiling 70 source files with javac [debug release 21] to target\classes
[INFO] Annotation processing is enabled because one or more processors were found
  on the class path. A future release of javac may disable annotation processing
  unless at least one processor is specified by name (-processor), or a search
  path is specified (--processor-path, --processor-module-path), or annotation
  processing is enabled explicitly (-proc:only, -proc:full).
  Use -Xlint:-options to suppress this message.
  Use -proc:none to disable annotation processing.
[INFO] /C:/Users/Admin/library-management-system/lms-backend/src/main/java/com/ibizabroker/lms/util/JwtUtil.java: Some input files use or override a deprecated API.
[INFO] /C:/Users/Admin/library-management-system/lms-backend/src/main/java/com/ibizabroker/lms/util/JwtUtil.java: Recompile with -Xlint:deprecation for details.
[INFO] /C:/Users/Admin/library-management-system/lms-backend/src/main/java/com/ibizabroker/lms/controller/ChatbotController.java: C:\Users\Admin\library-management-system\lms-backend\src\main\java\com\ibizabroker\lms\controller\ChatbotController.java uses unchecked or unsafe operations.
[INFO] /C:/Users/Admin/library-management-system/lms-backend/src/main/java/com/ibizabroker/lms/controller/ChatbotController.java: Recompile with -Xlint:unchecked for details.
[INFO] 
[INFO] --- resources:3.3.1:testResources (default-testResources) @ lms ---
[INFO] skip non existing resourceDirectory C:\Users\Admin\library-management-system\lms-backend\src\test\resources
[INFO] 
[INFO] --- compiler:3.11.0:testCompile (default-testCompile) @ lms ---
[INFO] Changes detected - recompiling the module! :dependency
[INFO] Compiling 1 source file with javac [debug release 21] to target\test-classes
[INFO] Annotation processing is enabled because one or more processors were found
  on the class path. A future release of javac may disable annotation processing
  unless at least one processor is specified by name (-processor), or a search
  path is specified (--processor-path, --processor-module-path), or annotation
  processing is enabled explicitly (-proc:only, -proc:full).
  Use -Xlint:-options to suppress this message.
  Use -proc:none to disable annotation processing.
[INFO] 
[INFO] --- surefire:3.5.4:test (default-test) @ lms ---
[INFO] Tests are skipped.
[INFO] 
[INFO] --- jar:3.4.2:jar (default-jar) @ lms ---
[INFO] Building jar: C:\Users\Admin\library-management-system\lms-backend\target\lms-0.0.1-SNAPSHOT.jar
[INFO] 
[INFO] --- spring-boot:3.5.7:repackage (repackage) @ lms ---
[INFO] Replacing main artifact C:\Users\Admin\library-management-system\lms-backend\target\lms-0.0.1-SNAPSHOT.jar with repackaged archive, adding nested dependencies in BOOT-INF/.
[INFO] The original artifact has been renamed to C:\Users\Admin\library-management-system\lms-backend\target\lms-0.0.1-SNAPSHOT.jar.original
[INFO] ------------------------------------------------------------------------
[INFO] BUILD SUCCESS
[INFO] ------------------------------------------------------------------------
[INFO] Total time:  10.165 s
[INFO] Finished at: 2025-11-15T17:47:28+07:00
[INFO] ------------------------------------------------------------------------
