2025-11-30T00:28:13.586+07:00 DEBUG 28248 --- [http-nio-8080-exec-9] o.s.security.web.FilterChainProxy        : Securing GET /api/public/books?availableOnly=false&page=0&size=10
2025-11-30T00:28:13.606+07:00 DEBUG 28248 --- [http-nio-8080-exec-9] o.s.s.w.a.AnonymousAuthenticationFilter  : Set SecurityContextHolder to anonymous SecurityContext
2025-11-30T00:28:13.620+07:00 DEBUG 28248 --- [http-nio-8080-exec-9] o.s.security.web.FilterChainProxy        : Secured GET /api/public/books?availableOnly=false&page=0&size=10
2025-11-30T00:28:13.633+07:00 DEBUG 28248 --- [http-nio-8080-exec-9] o.s.web.servlet.DispatcherServlet        : GET "/api/public/books?availableOnly=false&page=0&size=10", parameters={masked}
2025-11-30T00:28:13.656+07:00 DEBUG 28248 --- [http-nio-8080-exec-9] s.w.s.m.m.a.RequestMappingHandlerMapping : Mapped to com.ibizabroker.lms.controller.PublicBooksController#listBooks(String, String, Boolean, int, int)
2025-11-30T00:28:13.699+07:00  WARN 28248 --- [http-nio-8080-exec-9] org.hibernate.orm.query                  : HHH90003004: firstResult/maxResults specified with collection fetch; applying in memory
2025-11-30T00:28:13.886+07:00 DEBUG 28248 --- [http-nio-8080-exec-9] org.hibernate.SQL                        : select distinct b1_0.id,a1_0.book_id,a1_1.id,a1_1.name,c1_0.book_id,c1_1.id,c1_1.name,b1_0.cover_url,b1_0.isbn,b1_0.name,b1_0.number_of_copies_available,b1_0.published_year from books b1_0 left join book_authors a1_0 on b1_0.id=a1_0.book_id left join authors a1_1 on a1_1.id=a1_0.author_id left join book_categories c1_0 on b1_0.id=c1_0.book_id left join categories c1_1 on c1_1.id=c1_0.category_id where (? is null or ?='' or lower(b1_0.name) like replace(lower(concat('%',?,'%')),'\\','\\\\') or lower(a1_1.name) like replace(lower(concat('%',?,'%')),'\\','\\\\')) and (? is null or ?='' or c1_1.name=?) and (?=0 or b1_0.number_of_copies_available>0)
2025-11-30T00:28:14.016+07:00 DEBUG 28248 --- [http-nio-8080-exec-9] org.hibernate.SQL                        : select count(distinct b1_0.id) from books b1_0 left join book_authors a1_0 on b1_0.id=a1_0.book_id left join authors a1_1 on a1_1.id=a1_0.author_id left join book_categories c1_0 on b1_0.id=c1_0.book_id left join categories c1_1 on c1_1.id=c1_0.category_id where (? is null or ?='' or lower(b1_0.name) like replace(lower(concat('%',?,'%')),'\\','\\\\') or lower(a1_1.name) like replace(lower(concat('%',?,'%')),'\\','\\\\')) and (? is null or ?='' or c1_1.name=?) and (?=0 or b1_0.number_of_copies_available>0)
2025-11-30T00:28:14.030+07:00 DEBUG 28248 --- [http-nio-8080-exec-9] m.m.a.RequestResponseBodyMethodProcessor : Using 'application/json', given [application/json, text/plain, */*] and supported [application/json, application/*+json]
2025-11-30T00:28:14.034+07:00 DEBUG 28248 --- [http-nio-8080-exec-9] m.m.a.RequestResponseBodyMethodProcessor : Writing [Page 1 of 7 containing com.ibizabroker.lms.entity.Books instances]
2025-11-30T00:28:14.047+07:00 DEBUG 28248 --- [http-nio-8080-exec-9] o.s.web.servlet.DispatcherServlet        : Completed 200 OK
2025-11-30T00:28:15.774+07:00 DEBUG 28248 --- [http-nio-8080-exec-2] o.s.security.web.FilterChainProxy        : Securing GET /api/public/books?availableOnly=false&page=6&size=10
2025-11-30T00:28:15.778+07:00 DEBUG 28248 --- [http-nio-8080-exec-2] o.s.s.w.a.AnonymousAuthenticationFilter  : Set SecurityContextHolder to anonymous SecurityContext
2025-11-30T00:28:15.781+07:00 DEBUG 28248 --- [http-nio-8080-exec-2] o.s.security.web.FilterChainProxy        : Secured GET /api/public/books?availableOnly=false&page=6&size=10
2025-11-30T00:28:15.782+07:00 DEBUG 28248 --- [http-nio-8080-exec-2] o.s.web.servlet.DispatcherServlet        : GET "/api/public/books?availableOnly=false&page=6&size=10", parameters={masked}
2025-11-30T00:28:15.786+07:00 DEBUG 28248 --- [http-nio-8080-exec-2] s.w.s.m.m.a.RequestMappingHandlerMapping : Mapped to com.ibizabroker.lms.controller.PublicBooksController#listBooks(String, String, Boolean, int, int)
2025-11-30T00:28:15.797+07:00  WARN 28248 --- [http-nio-8080-exec-2] org.hibernate.orm.query                  : HHH90003004: firstResult/maxResults specified with collection fetch; applying in memory
2025-11-30T00:28:15.802+07:00 DEBUG 28248 --- [http-nio-8080-exec-2] org.hibernate.SQL                        : select distinct b1_0.id,a1_0.book_id,a1_1.id,a1_1.name,c1_0.book_id,c1_1.id,c1_1.name,b1_0.cover_url,b1_0.isbn,b1_0.name,b1_0.number_of_copies_available,b1_0.published_year from books b1_0 left join book_authors a1_0 on b1_0.id=a1_0.book_id left join authors a1_1 on a1_1.id=a1_0.author_id left join book_categories c1_0 on b1_0.id=c1_0.book_id left join categories c1_1 on c1_1.id=c1_0.category_id where (? is null or ?='' or lower(b1_0.name) like replace(lower(concat('%',?,'%')),'\\','\\\\') or lower(a1_1.name) like replace(lower(concat('%',?,'%')),'\\','\\\\')) and (? is null or ?='' or c1_1.name=?) and (?=0 or b1_0.number_of_copies_available>0)
2025-11-30T00:28:15.836+07:00 DEBUG 28248 --- [http-nio-8080-exec-2] m.m.a.RequestResponseBodyMethodProcessor : Using 'application/json', given [application/json, text/plain, */*] and supported [application/json, application/*+json]
2025-11-30T00:28:15.838+07:00 DEBUG 28248 --- [http-nio-8080-exec-2] m.m.a.RequestResponseBodyMethodProcessor : Writing [Page 7 of 7 containing com.ibizabroker.lms.entity.Books instances]
2025-11-30T00:28:15.849+07:00 DEBUG 28248 --- [http-nio-8080-exec-2] o.s.web.servlet.DispatcherServlet        : Completed 200 OK
2025-11-30T00:30:05.412+07:00  INFO 28248 --- [SpringApplicationShutdownHook] o.s.b.w.e.tomcat.GracefulShutdown        : Commencing graceful shutdown. Waiting for active requests to complete
2025-11-30T00:30:05.424+07:00  INFO 28248 --- [tomcat-shutdown] o.s.b.w.e.tomcat.GracefulShutdown        : Graceful shutdown complete
2025-11-30T00:30:05.473+07:00  INFO 28248 --- [SpringApplicationShutdownHook] j.LocalContainerEntityManagerFactoryBean : Closing JPA EntityManagerFactory for persistence unit 'default'
2025-11-30T00:30:05.483+07:00  INFO 28248 --- [SpringApplicationShutdownHook] com.zaxxer.hikari.HikariDataSource       : HikariPool-1 - Shutdown initiated...
2025-11-30T00:30:05.490+07:00  INFO 28248 --- [SpringApplicationShutdownHook] com.zaxxer.hikari.HikariDataSource       : HikariPool-1 - Shutdown completed.
2025-11-30T00:30:28.281+07:00  INFO 30892 --- [main] c.i.lms.LibraryManagementApplication     : Starting LibraryManagementApplication using Java 21.0.8 with PID 30892 (C:\Users\Admin\library-management-system\lms-backend\target\classes started by Admin in C:\Users\Admin\library-management-system\lms-backend)
2025-11-30T00:30:28.293+07:00 DEBUG 30892 --- [main] c.i.lms.LibraryManagementApplication     : Running with Spring Boot v3.5.8, Spring v6.2.14
2025-11-30T00:30:28.296+07:00  INFO 30892 --- [main] c.i.lms.LibraryManagementApplication     : No active profile set, falling back to 1 default profile: "default"
2025-11-30T00:30:32.294+07:00  INFO 30892 --- [main] .s.d.r.c.RepositoryConfigurationDelegate : Multiple Spring Data modules found, entering strict repository configuration mode
2025-11-30T00:30:32.299+07:00  INFO 30892 --- [main] .s.d.r.c.RepositoryConfigurationDelegate : Bootstrapping Spring Data JPA repositories in DEFAULT mode.
2025-11-30T00:30:32.808+07:00  INFO 30892 --- [main] .s.d.r.c.RepositoryConfigurationDelegate : Finished Spring Data repository scanning in 482 ms. Found 10 JPA repository interfaces.
2025-11-30T00:30:32.846+07:00  INFO 30892 --- [main] .s.d.r.c.RepositoryConfigurationDelegate : Multiple Spring Data modules found, entering strict repository configuration mode
2025-11-30T00:30:32.851+07:00  INFO 30892 --- [main] .s.d.r.c.RepositoryConfigurationDelegate : Bootstrapping Spring Data Redis repositories in DEFAULT mode.
2025-11-30T00:30:32.905+07:00  INFO 30892 --- [main] .RepositoryConfigurationExtensionSupport : Spring Data Redis - Could not safely identify store assignment for repository candidate interface com.ibizabroker.lms.dao.AuthorRepository; If you want this repository to be a Redis repository, consider annotating your entities with one of these annotations: org.springframework.data.redis.core.RedisHash (preferred), or consider extending one of the following types with your repository: org.springframework.data.keyvalue.repository.KeyValueRepository
2025-11-30T00:30:32.911+07:00  INFO 30892 --- [main] .RepositoryConfigurationExtensionSupport : Spring Data Redis - Could not safely identify store assignment for repository candidate interface com.ibizabroker.lms.dao.BooksRepository; If you want this repository to be a Redis repository, consider annotating your entities with one of these annotations: org.springframework.data.redis.core.RedisHash (preferred), or consider extending one of the following types with your repository: org.springframework.data.keyvalue.repository.KeyValueRepository
2025-11-30T00:30:32.914+07:00  INFO 30892 --- [main] .RepositoryConfigurationExtensionSupport : Spring Data Redis - Could not safely identify store assignment for repository candidate interface com.ibizabroker.lms.dao.CategoryRepository; If you want this repository to be a Redis repository, consider annotating your entities with one of these annotations: org.springframework.data.redis.core.RedisHash (preferred), or consider extending one of the following types with your repository: org.springframework.data.keyvalue.repository.KeyValueRepository
2025-11-30T00:30:32.915+07:00  INFO 30892 --- [main] .RepositoryConfigurationExtensionSupport : Spring Data Redis - Could not safely identify store assignment for repository candidate interface com.ibizabroker.lms.dao.ChatMessageRepository; If you want this repository to be a Redis repository, consider annotating your entities with one of these annotations: org.springframework.data.redis.core.RedisHash (preferred), or consider extending one of the following types with your repository: org.springframework.data.keyvalue.repository.KeyValueRepository
2025-11-30T00:30:32.917+07:00  INFO 30892 --- [main] .RepositoryConfigurationExtensionSupport : Spring Data Redis - Could not safely identify store assignment for repository candidate interface com.ibizabroker.lms.dao.LoanRepository; If you want this repository to be a Redis repository, consider annotating your entities with one of these annotations: org.springframework.data.redis.core.RedisHash (preferred), or consider extending one of the following types with your repository: org.springframework.data.keyvalue.repository.KeyValueRepository
2025-11-30T00:30:32.920+07:00  INFO 30892 --- [main] .RepositoryConfigurationExtensionSupport : Spring Data Redis - Could not safely identify store assignment for repository candidate interface com.ibizabroker.lms.dao.ReservationRepository; If you want this repository to be a Redis repository, consider annotating your entities with one of these annotations: org.springframework.data.redis.core.RedisHash (preferred), or consider extending one of the following types with your repository: org.springframework.data.keyvalue.repository.KeyValueRepository
2025-11-30T00:30:32.922+07:00  INFO 30892 --- [main] .RepositoryConfigurationExtensionSupport : Spring Data Redis - Could not safely identify store assignment for repository candidate interface com.ibizabroker.lms.dao.ReviewRepository; If you want this repository to be a Redis repository, consider annotating your entities with one of these annotations: org.springframework.data.redis.core.RedisHash (preferred), or consider extending one of the following types with your repository: org.springframework.data.keyvalue.repository.KeyValueRepository
2025-11-30T00:30:32.926+07:00  INFO 30892 --- [main] .RepositoryConfigurationExtensionSupport : Spring Data Redis - Could not safely identify store assignment for repository candidate interface com.ibizabroker.lms.dao.RoleRepository; If you want this repository to be a Redis repository, consider annotating your entities with one of these annotations: org.springframework.data.redis.core.RedisHash (preferred), or consider extending one of the following types with your repository: org.springframework.data.keyvalue.repository.KeyValueRepository
2025-11-30T00:30:32.932+07:00  INFO 30892 --- [main] .RepositoryConfigurationExtensionSupport : Spring Data Redis - Could not safely identify store assignment for repository candidate interface com.ibizabroker.lms.dao.UsersRepository; If you want this repository to be a Redis repository, consider annotating your entities with one of these annotations: org.springframework.data.redis.core.RedisHash (preferred), or consider extending one of the following types with your repository: org.springframework.data.keyvalue.repository.KeyValueRepository
2025-11-30T00:30:32.933+07:00  INFO 30892 --- [main] .RepositoryConfigurationExtensionSupport : Spring Data Redis - Could not safely identify store assignment for repository candidate interface com.ibizabroker.lms.dao.WishlistRepository; If you want this repository to be a Redis repository, consider annotating your entities with one of these annotations: org.springframework.data.redis.core.RedisHash (preferred), or consider extending one of the following types with your repository: org.springframework.data.keyvalue.repository.KeyValueRepository
2025-11-30T00:30:32.934+07:00  INFO 30892 --- [main] .s.d.r.c.RepositoryConfigurationDelegate : Finished Spring Data repository scanning in 54 ms. Found 0 Redis repository interfaces.
2025-11-30T00:30:34.548+07:00  INFO 30892 --- [main] o.s.b.w.embedded.tomcat.TomcatWebServer  : Tomcat initialized with port 8080 (http)
2025-11-30T00:30:34.640+07:00  INFO 30892 --- [main] o.apache.catalina.core.StandardService   : Starting service [Tomcat]
2025-11-30T00:30:34.646+07:00  INFO 30892 --- [main] o.apache.catalina.core.StandardEngine    : Starting Servlet engine: [Apache Tomcat/10.1.49]
2025-11-30T00:30:35.060+07:00  INFO 30892 --- [main] o.a.c.c.C.[Tomcat].[localhost].[/]       : Initializing Spring embedded WebApplicationContext
2025-11-30T00:30:35.062+07:00  INFO 30892 --- [main] w.s.c.ServletWebServerApplicationContext : Root WebApplicationContext: initialization completed in 6640 ms
2025-11-30T00:30:35.931+07:00  INFO 30892 --- [main] o.hibernate.jpa.internal.util.LogHelper  : HHH000204: Processing PersistenceUnitInfo [name: default]
2025-11-30T00:30:36.136+07:00  INFO 30892 --- [main] org.hibernate.Version                    : HHH000412: Hibernate ORM core version 6.6.36.Final
2025-11-30T00:30:36.294+07:00  INFO 30892 --- [main] o.h.c.internal.RegionFactoryInitiator    : HHH000026: Second-level cache disabled
2025-11-30T00:30:36.890+07:00  INFO 30892 --- [main] o.s.o.j.p.SpringPersistenceUnitInfo      : No LoadTimeWeaver setup: ignoring JPA class transformer
2025-11-30T00:30:36.993+07:00  INFO 30892 --- [main] com.zaxxer.hikari.HikariDataSource       : HikariPool-1 - Starting...
2025-11-30T00:30:37.590+07:00  INFO 30892 --- [main] com.zaxxer.hikari.pool.HikariPool        : HikariPool-1 - Added connection com.mysql.cj.jdbc.ConnectionImpl@1a88d194
2025-11-30T00:30:37.595+07:00  INFO 30892 --- [main] com.zaxxer.hikari.HikariDataSource       : HikariPool-1 - Start completed.
2025-11-30T00:30:37.705+07:00  WARN 30892 --- [main] org.hibernate.dialect.Dialect            : HHH000511: The 5.5.5 version for [org.hibernate.dialect.MySQLDialect] is no longer supported, hence certain features may not work properly. The minimum supported version is 8.0.0. Check the community dialects project for available legacy versions.
2025-11-30T00:30:37.732+07:00  WARN 30892 --- [main] org.hibernate.orm.deprecation            : HHH90000025: MySQLDialect does not need to be specified explicitly using 'hibernate.dialect' (remove the property setting and it will be selected by default)
2025-11-30T00:30:37.796+07:00  INFO 30892 --- [main] org.hibernate.orm.connections.pooling    : HHH10001005: Database info:
	Database JDBC URL [Connecting through datasource 'HikariDataSource (HikariPool-1)']
	Database driver: undefined/unknown
	Database version: 5.5.5
	Autocommit mode: undefined/unknown
	Isolation level: undefined/unknown
	Minimum pool size: undefined/unknown
	Maximum pool size: undefined/unknown
2025-11-30T00:30:41.072+07:00  INFO 30892 --- [main] o.h.e.t.j.p.i.JtaPlatformInitiator       : HHH000489: No JTA platform available (set 'hibernate.transaction.jta.platform' to enable JTA platform integration)
2025-11-30T00:30:41.557+07:00 DEBUG 30892 --- [main] org.hibernate.SQL                        : alter table loans modify column status enum ('ACTIVE','OVERDUE','RETURNED') not null
2025-11-30T00:30:41.567+07:00 DEBUG 30892 --- [main] org.hibernate.SQL                        : alter table reservations modify column status enum ('ACTIVE','CANCELLED','EXPIRED','FULFILLED') not null
2025-11-30T00:30:41.724+07:00  INFO 30892 --- [main] j.LocalContainerEntityManagerFactoryBean : Initialized JPA EntityManagerFactory for persistence unit 'default'
2025-11-30T00:30:42.320+07:00  INFO 30892 --- [main] o.s.d.j.r.query.QueryEnhancerFactory     : Hibernate is in classpath; If applicable, HQL parser will be used.
2025-11-30T00:30:43.680+07:00 DEBUG 30892 --- [main] o.s.w.f.ServerHttpObservationFilter      : Filter 'webMvcObservationFilter' configured for use
2025-11-30T00:30:43.681+07:00 DEBUG 30892 --- [main] c.i.lms.configuration.JwtRequestFilter   : Filter 'jwtRequestFilter' configured for use
2025-11-30T00:30:45.808+07:00  INFO 30892 --- [main] eAuthenticationProviderManagerConfigurer : Global AuthenticationManager configured with AuthenticationProvider bean with name authenticationProvider
2025-11-30T00:30:45.812+07:00  WARN 30892 --- [main] r$InitializeUserDetailsManagerConfigurer : Global AuthenticationManager configured with an AuthenticationProvider bean. UserDetailsService beans will not be used by Spring Security for automatically configuring username/password login. Consider removing the AuthenticationProvider bean. Alternatively, consider using the UserDetailsService in a manually instantiated DaoAuthenticationProvider. If the current configuration is intentional, to turn off this warning, increase the logging level of 'org.springframework.security.config.annotation.authentication.configuration.InitializeUserDetailsBeanManagerConfigurer' to ERROR
2025-11-30T00:30:48.345+07:00 DEBUG 30892 --- [main] s.w.s.m.m.a.RequestMappingHandlerMapping : 48 mappings in 'requestMappingHandlerMapping'
2025-11-30T00:30:48.643+07:00 DEBUG 30892 --- [main] o.s.w.s.handler.SimpleUrlHandlerMapping  : Patterns [/webjars/**, /**] in 'resourceHandlerMapping'
2025-11-30T00:30:48.993+07:00  INFO 30892 --- [main] o.s.b.a.e.web.EndpointLinksResolver      : Exposing 1 endpoint beneath base path '/actuator'
2025-11-30T00:30:49.550+07:00 DEBUG 30892 --- [main] o.s.s.web.DefaultSecurityFilterChain     : Will secure any request with filters: DisableEncodeUrlFilter, WebAsyncManagerIntegrationFilter, SecurityContextHolderFilter, HeaderWriterFilter, CorsFilter, LogoutFilter, JwtRequestFilter, RequestCacheAwareFilter, SecurityContextHolderAwareRequestFilter, AnonymousAuthenticationFilter, SessionManagementFilter, ExceptionTranslationFilter, AuthorizationFilter
2025-11-30T00:30:49.913+07:00 DEBUG 30892 --- [main] s.w.s.m.m.a.RequestMappingHandlerAdapter : ControllerAdvice beans: 0 @ModelAttribute, 0 @InitBinder, 1 RequestBodyAdvice, 1 ResponseBodyAdvice
2025-11-30T00:30:50.054+07:00 DEBUG 30892 --- [main] .m.m.a.ExceptionHandlerExceptionResolver : ControllerAdvice beans: 1 @ExceptionHandler, 1 ResponseBodyAdvice
2025-11-30T00:30:51.883+07:00  INFO 30892 --- [main] o.s.b.w.embedded.tomcat.TomcatWebServer  : Tomcat started on port 8080 (http) with context path '/'
2025-11-30T00:30:51.935+07:00  INFO 30892 --- [main] c.i.lms.LibraryManagementApplication     : Started LibraryManagementApplication in 25.131 seconds (process running for 26.519)
2025-11-30T00:30:52.412+07:00 DEBUG 30892 --- [main] org.hibernate.SQL                        : select r1_0.role_id,r1_0.role_name from role r1_0 where r1_0.role_name=?
2025-11-30T00:30:52.491+07:00 DEBUG 30892 --- [main] org.hibernate.SQL                        : select r1_0.role_id,r1_0.role_name from role r1_0 where r1_0.role_name=?
2025-11-30T00:30:52.499+07:00 DEBUG 30892 --- [main] org.hibernate.SQL                        : select u1_0.user_id,u1_0.email,u1_0.name,u1_0.password,u1_0.phone_number,u1_0.student_class,u1_0.username from users u1_0 where u1_0.username=?
2025-11-30T00:30:52.538+07:00 DEBUG 30892 --- [main] org.hibernate.SQL                        : select u1_0.user_id,u1_0.email,u1_0.name,u1_0.password,u1_0.phone_number,u1_0.student_class,u1_0.username from users u1_0 where u1_0.username=?
2025-11-30T00:31:40.424+07:00  INFO 30892 --- [http-nio-8080-exec-1] o.a.c.c.C.[Tomcat].[localhost].[/]       : Initializing Spring DispatcherServlet 'dispatcherServlet'
2025-11-30T00:31:40.426+07:00  INFO 30892 --- [http-nio-8080-exec-1] o.s.web.servlet.DispatcherServlet        : Initializing Servlet 'dispatcherServlet'
2025-11-30T00:31:40.427+07:00 DEBUG 30892 --- [http-nio-8080-exec-1] o.s.web.servlet.DispatcherServlet        : Detected StandardServletMultipartResolver
2025-11-30T00:31:40.428+07:00 DEBUG 30892 --- [http-nio-8080-exec-1] o.s.web.servlet.DispatcherServlet        : Detected AcceptHeaderLocaleResolver
2025-11-30T00:31:40.430+07:00 DEBUG 30892 --- [http-nio-8080-exec-1] o.s.web.servlet.DispatcherServlet        : Detected FixedThemeResolver
2025-11-30T00:31:40.434+07:00 DEBUG 30892 --- [http-nio-8080-exec-1] o.s.web.servlet.DispatcherServlet        : Detected org.springframework.web.servlet.view.DefaultRequestToViewNameTranslator@2786ccb
2025-11-30T00:31:40.440+07:00 DEBUG 30892 --- [http-nio-8080-exec-1] o.s.web.servlet.DispatcherServlet        : Detected org.springframework.web.servlet.support.SessionFlashMapManager@7818569d
2025-11-30T00:31:40.445+07:00 DEBUG 30892 --- [http-nio-8080-exec-1] o.s.web.servlet.DispatcherServlet        : enableLoggingRequestDetails='false': request parameters and headers will be masked to prevent unsafe logging of potentially sensitive data
2025-11-30T00:31:40.447+07:00  INFO 30892 --- [http-nio-8080-exec-1] o.s.web.servlet.DispatcherServlet        : Completed initialization in 21 ms
2025-11-30T00:31:40.539+07:00 DEBUG 30892 --- [http-nio-8080-exec-1] o.s.security.web.FilterChainProxy        : Securing OPTIONS /api/auth/authenticate
2025-11-30T00:31:40.999+07:00 DEBUG 30892 --- [http-nio-8080-exec-1] o.s.security.web.FilterChainProxy        : Securing POST /api/auth/authenticate
2025-11-30T00:31:41.040+07:00 DEBUG 30892 --- [http-nio-8080-exec-1] o.s.s.w.a.AnonymousAuthenticationFilter  : Set SecurityContextHolder to anonymous SecurityContext
2025-11-30T00:31:41.082+07:00 DEBUG 30892 --- [http-nio-8080-exec-1] o.s.security.web.FilterChainProxy        : Secured POST /api/auth/authenticate
2025-11-30T00:31:41.098+07:00 DEBUG 30892 --- [http-nio-8080-exec-1] o.s.web.servlet.DispatcherServlet        : POST "/api/auth/authenticate", parameters={}
2025-11-30T00:31:41.119+07:00 DEBUG 30892 --- [http-nio-8080-exec-1] s.w.s.m.m.a.RequestMappingHandlerMapping : Mapped to com.ibizabroker.lms.controller.AuthController#authenticate(LoginRequest)
2025-11-30T00:31:41.493+07:00 DEBUG 30892 --- [http-nio-8080-exec-1] m.m.a.RequestResponseBodyMethodProcessor : Read "application/json;charset=UTF-8" to [LoginRequest[username=admin, password=admin123]]
2025-11-30T00:31:41.706+07:00 DEBUG 30892 --- [http-nio-8080-exec-1] org.hibernate.SQL                        : select u1_0.user_id,u1_0.email,u1_0.name,u1_0.password,u1_0.phone_number,u1_0.student_class,u1_0.username from users u1_0 where u1_0.username=?
2025-11-30T00:31:41.717+07:00 DEBUG 30892 --- [http-nio-8080-exec-1] org.hibernate.SQL                        : select r1_0.user_id,r1_1.role_id,r1_1.role_name from user_role r1_0 join role r1_1 on r1_1.role_id=r1_0.role_id where r1_0.user_id=?
2025-11-30T00:31:41.915+07:00 DEBUG 30892 --- [http-nio-8080-exec-1] o.s.s.a.dao.DaoAuthenticationProvider    : Authenticated user
2025-11-30T00:31:41.940+07:00 DEBUG 30892 --- [http-nio-8080-exec-1] org.hibernate.SQL                        : select distinct u1_0.user_id,u1_0.email,u1_0.name,u1_0.password,u1_0.phone_number,r1_0.user_id,r1_1.role_id,r1_1.role_name,u1_0.student_class,u1_0.username from users u1_0 left join user_role r1_0 on u1_0.user_id=r1_0.user_id left join role r1_1 on r1_1.role_id=r1_0.role_id where lower(u1_0.username)=lower(?)
2025-11-30T00:31:42.342+07:00 DEBUG 30892 --- [http-nio-8080-exec-1] o.s.w.s.m.m.a.HttpEntityMethodProcessor  : Using 'application/json', given [application/json, text/plain, */*] and supported [application/json]
2025-11-30T00:31:42.403+07:00 DEBUG 30892 --- [http-nio-8080-exec-1] o.s.w.s.m.m.a.HttpEntityMethodProcessor  : Writing [LoginResponse[token=eyJhbGciOiJIUzI1NiJ9.eyJ1c2VySWQiOjY0LCJyb2xlcyI6WyJST0xFX0FETUlOIl0sInN1YiI6ImF (truncated)...]
2025-11-30T00:31:42.533+07:00 DEBUG 30892 --- [http-nio-8080-exec-1] o.s.web.servlet.DispatcherServlet        : Completed 200 OK
2025-11-30T00:31:42.585+07:00 DEBUG 30892 --- [http-nio-8080-exec-2] o.s.security.web.FilterChainProxy        : Securing OPTIONS /api/admin/dashboard/details
2025-11-30T00:31:42.586+07:00 DEBUG 30892 --- [http-nio-8080-exec-3] o.s.security.web.FilterChainProxy        : Securing OPTIONS /api/admin/dashboard/chart-data
2025-11-30T00:31:42.634+07:00 DEBUG 30892 --- [http-nio-8080-exec-3] o.s.security.web.FilterChainProxy        : Securing GET /api/admin/dashboard/chart-data
2025-11-30T00:31:42.640+07:00 DEBUG 30892 --- [http-nio-8080-exec-4] o.s.security.web.FilterChainProxy        : Securing GET /api/admin/dashboard/details
2025-11-30T00:31:42.782+07:00 DEBUG 30892 --- [http-nio-8080-exec-4] org.hibernate.SQL                        : select u1_0.user_id,u1_0.email,u1_0.name,u1_0.password,u1_0.phone_number,u1_0.student_class,u1_0.username from users u1_0 where u1_0.username=?
2025-11-30T00:31:42.782+07:00 DEBUG 30892 --- [http-nio-8080-exec-3] org.hibernate.SQL                        : select u1_0.user_id,u1_0.email,u1_0.name,u1_0.password,u1_0.phone_number,u1_0.student_class,u1_0.username from users u1_0 where u1_0.username=?
2025-11-30T00:31:42.788+07:00 DEBUG 30892 --- [http-nio-8080-exec-4] org.hibernate.SQL                        : select r1_0.user_id,r1_1.role_id,r1_1.role_name from user_role r1_0 join role r1_1 on r1_1.role_id=r1_0.role_id where r1_0.user_id=?
2025-11-30T00:31:42.788+07:00 DEBUG 30892 --- [http-nio-8080-exec-3] org.hibernate.SQL                        : select r1_0.user_id,r1_1.role_id,r1_1.role_name from user_role r1_0 join role r1_1 on r1_1.role_id=r1_0.role_id where r1_0.user_id=?
2025-11-30T00:31:42.814+07:00 DEBUG 30892 --- [http-nio-8080-exec-4] o.s.security.web.FilterChainProxy        : Secured GET /api/admin/dashboard/details
2025-11-30T00:31:42.814+07:00 DEBUG 30892 --- [http-nio-8080-exec-3] o.s.security.web.FilterChainProxy        : Secured GET /api/admin/dashboard/chart-data
2025-11-30T00:31:42.815+07:00 DEBUG 30892 --- [http-nio-8080-exec-4] o.s.web.servlet.DispatcherServlet        : GET "/api/admin/dashboard/details", parameters={}
2025-11-30T00:31:42.816+07:00 DEBUG 30892 --- [http-nio-8080-exec-3] o.s.web.servlet.DispatcherServlet        : GET "/api/admin/dashboard/chart-data", parameters={}
2025-11-30T00:31:42.817+07:00 DEBUG 30892 --- [http-nio-8080-exec-4] s.w.s.m.m.a.RequestMappingHandlerMapping : Mapped to com.ibizabroker.lms.controller.AdminDashboardController#getDashboardDetails()
2025-11-30T00:31:42.817+07:00 DEBUG 30892 --- [http-nio-8080-exec-3] s.w.s.m.m.a.RequestMappingHandlerMapping : Mapped to com.ibizabroker.lms.controller.AdminController#getChartData()
2025-11-30T00:31:42.822+07:00 DEBUG 30892 --- [http-nio-8080-exec-3] horizationManagerBeforeMethodInterceptor : Authorizing method invocation ReflectiveMethodInvocation: public org.springframework.http.ResponseEntity com.ibizabroker.lms.controller.AdminController.getChartData(); target is of class [com.ibizabroker.lms.controller.AdminController]
2025-11-30T00:31:42.822+07:00 DEBUG 30892 --- [http-nio-8080-exec-4] horizationManagerBeforeMethodInterceptor : Authorizing method invocation ReflectiveMethodInvocation: public org.springframework.http.ResponseEntity com.ibizabroker.lms.controller.AdminDashboardController.getDashboardDetails(); target is of class [com.ibizabroker.lms.controller.AdminDashboardController]
2025-11-30T00:31:42.901+07:00 DEBUG 30892 --- [http-nio-8080-exec-3] horizationManagerBeforeMethodInterceptor : Authorized method invocation ReflectiveMethodInvocation: public org.springframework.http.ResponseEntity com.ibizabroker.lms.controller.AdminController.getChartData(); target is of class [com.ibizabroker.lms.controller.AdminController]
2025-11-30T00:31:42.901+07:00 DEBUG 30892 --- [http-nio-8080-exec-4] horizationManagerBeforeMethodInterceptor : Authorized method invocation ReflectiveMethodInvocation: public org.springframework.http.ResponseEntity com.ibizabroker.lms.controller.AdminDashboardController.getDashboardDetails(); target is of class [com.ibizabroker.lms.controller.AdminDashboardController]
2025-11-30T00:31:42.934+07:00 DEBUG 30892 --- [http-nio-8080-exec-4] org.hibernate.SQL                        : select count(*) from books b1_0
2025-11-30T00:31:42.950+07:00 DEBUG 30892 --- [http-nio-8080-exec-4] org.hibernate.SQL                        : select count(*) from users u1_0
2025-11-30T00:31:42.974+07:00 DEBUG 30892 --- [http-nio-8080-exec-4] org.hibernate.SQL                        : select count(l1_0.id) from loans l1_0 where l1_0.status=?
2025-11-30T00:31:42.982+07:00 DEBUG 30892 --- [http-nio-8080-exec-4] org.hibernate.SQL                        : select count(l1_0.id) from loans l1_0 where l1_0.status=?
2025-11-30T00:31:43.002+07:00 DEBUG 30892 --- [http-nio-8080-exec-3] org.hibernate.SQL                        : SELECT MONTH(l.loan_date) AS month, COUNT(l.id) AS count FROM loans l WHERE l.loan_date BETWEEN ? AND ? GROUP BY MONTH(l.loan_date) ORDER BY month ASC
2025-11-30T00:31:43.011+07:00 DEBUG 30892 --- [http-nio-8080-exec-4] org.hibernate.SQL                        : select l1_0.book_id,count(l1_0.book_id) from loans l1_0 group by l1_0.book_id order by 2 desc limit ?
2025-11-30T00:31:43.030+07:00 DEBUG 30892 --- [http-nio-8080-exec-4] org.hibernate.SQL                        : select l1_0.member_id,count(l1_0.member_id) from loans l1_0 group by l1_0.member_id order by 2 desc limit ?
2025-11-30T00:31:43.039+07:00 DEBUG 30892 --- [http-nio-8080-exec-4] org.hibernate.SQL                        : select l1_0.id,l1_0.book_id,l1_0.due_date,l1_0.fine_amount,l1_0.fine_status,l1_0.loan_date,l1_0.member_id,l1_0.return_date,l1_0.status from loans l1_0 order by l1_0.loan_date desc limit ?
2025-11-30T00:31:43.053+07:00 DEBUG 30892 --- [http-nio-8080-exec-3] org.hibernate.SQL                        : select l1_0.status,count(l1_0.id) from loans l1_0 group by l1_0.status
2025-11-30T00:31:43.067+07:00 DEBUG 30892 --- [http-nio-8080-exec-4] org.hibernate.SQL                        : select l1_0.id,l1_0.book_id,l1_0.due_date,l1_0.fine_amount,l1_0.fine_status,l1_0.loan_date,l1_0.member_id,l1_0.return_date,l1_0.status from loans l1_0 where l1_0.status=?
2025-11-30T00:31:43.068+07:00 DEBUG 30892 --- [http-nio-8080-exec-3] o.s.w.s.m.m.a.HttpEntityMethodProcessor  : Using 'application/json', given [application/json, text/plain, */*] and supported [application/json, application/*+json]
2025-11-30T00:31:43.070+07:00 DEBUG 30892 --- [http-nio-8080-exec-3] o.s.w.s.m.m.a.HttpEntityMethodProcessor  : Writing [{monthlyLoans=[J@57412a55, statusDistribution={ACTIVE=7, RETURNED=3, OVERDUE=0}}]
2025-11-30T00:31:43.088+07:00 DEBUG 30892 --- [http-nio-8080-exec-4] o.s.w.s.m.m.a.HttpEntityMethodProcessor  : Using 'application/json', given [application/json, text/plain, */*] and supported [application/json, application/*+json]
2025-11-30T00:31:43.089+07:00 DEBUG 30892 --- [http-nio-8080-exec-4] o.s.w.s.m.m.a.HttpEntityMethodProcessor  : Writing [com.ibizabroker.lms.dto.DashboardDetailsDto@4d86f33e]
2025-11-30T00:31:43.092+07:00 DEBUG 30892 --- [http-nio-8080-exec-3] o.s.web.servlet.DispatcherServlet        : Completed 200 OK
2025-11-30T00:31:43.118+07:00 DEBUG 30892 --- [http-nio-8080-exec-4] o.s.web.servlet.DispatcherServlet        : Completed 200 OK
2025-11-30T00:31:46.269+07:00 DEBUG 30892 --- [http-nio-8080-exec-5] o.s.security.web.FilterChainProxy        : Securing GET /api/public/books?availableOnly=false&page=0&size=10
2025-11-30T00:31:46.273+07:00 DEBUG 30892 --- [http-nio-8080-exec-5] o.s.s.w.a.AnonymousAuthenticationFilter  : Set SecurityContextHolder to anonymous SecurityContext
2025-11-30T00:31:46.274+07:00 DEBUG 30892 --- [http-nio-8080-exec-5] o.s.security.web.FilterChainProxy        : Secured GET /api/public/books?availableOnly=false&page=0&size=10
2025-11-30T00:31:46.281+07:00 DEBUG 30892 --- [http-nio-8080-exec-5] o.s.web.servlet.DispatcherServlet        : GET "/api/public/books?availableOnly=false&page=0&size=10", parameters={masked}
2025-11-30T00:31:46.286+07:00 DEBUG 30892 --- [http-nio-8080-exec-5] s.w.s.m.m.a.RequestMappingHandlerMapping : Mapped to com.ibizabroker.lms.controller.PublicBooksController#listBooks(String, String, Boolean, int, int)
2025-11-30T00:31:46.318+07:00  WARN 30892 --- [http-nio-8080-exec-5] org.hibernate.orm.query                  : HHH90003004: firstResult/maxResults specified with collection fetch; applying in memory
2025-11-30T00:31:46.350+07:00 DEBUG 30892 --- [http-nio-8080-exec-5] org.hibernate.SQL                        : select distinct b1_0.id,a1_0.book_id,a1_1.id,a1_1.name,c1_0.book_id,c1_1.id,c1_1.name,b1_0.cover_url,b1_0.isbn,b1_0.name,b1_0.number_of_copies_available,b1_0.published_year from books b1_0 left join book_authors a1_0 on b1_0.id=a1_0.book_id left join authors a1_1 on a1_1.id=a1_0.author_id left join book_categories c1_0 on b1_0.id=c1_0.book_id left join categories c1_1 on c1_1.id=c1_0.category_id where (? is null or ?='' or lower(b1_0.name) like replace(lower(concat('%',?,'%')),'\\','\\\\') or lower(a1_1.name) like replace(lower(concat('%',?,'%')),'\\','\\\\')) and (? is null or ?='' or c1_1.name=?) and (?=0 or b1_0.number_of_copies_available>0)
2025-11-30T00:31:46.405+07:00 DEBUG 30892 --- [http-nio-8080-exec-5] org.hibernate.SQL                        : select count(distinct b1_0.id) from books b1_0 left join book_authors a1_0 on b1_0.id=a1_0.book_id left join authors a1_1 on a1_1.id=a1_0.author_id left join book_categories c1_0 on b1_0.id=c1_0.book_id left join categories c1_1 on c1_1.id=c1_0.category_id where (? is null or ?='' or lower(b1_0.name) like replace(lower(concat('%',?,'%')),'\\','\\\\') or lower(a1_1.name) like replace(lower(concat('%',?,'%')),'\\','\\\\')) and (? is null or ?='' or c1_1.name=?) and (?=0 or b1_0.number_of_copies_available>0)
2025-11-30T00:31:46.419+07:00  WARN 30892 --- [http-nio-8080-exec-5] ration$PageModule$WarningLoggingModifier : Serializing PageImpl instances as-is is not supported, meaning that there is no guarantee about the stability of the resulting JSON structure!
	For a stable JSON structure, please use Spring Data's PagedModel (globally via @EnableSpringDataWebSupport(pageSerializationMode = VIA_DTO))
	or Spring HATEOAS and Spring Data's PagedResourcesAssembler as documented in https://docs.spring.io/spring-data/commons/reference/repositories/core-extensions.html#core.web.pageables.

2025-11-30T00:31:46.432+07:00 DEBUG 30892 --- [http-nio-8080-exec-5] m.m.a.RequestResponseBodyMethodProcessor : Using 'application/json', given [application/json, text/plain, */*] and supported [application/json, application/*+json]
2025-11-30T00:31:46.434+07:00 DEBUG 30892 --- [http-nio-8080-exec-5] m.m.a.RequestResponseBodyMethodProcessor : Writing [Page 1 of 7 containing com.ibizabroker.lms.entity.Books instances]
2025-11-30T00:31:46.492+07:00 DEBUG 30892 --- [http-nio-8080-exec-5] o.s.web.servlet.DispatcherServlet        : Completed 200 OK
2025-11-30T00:31:47.494+07:00 DEBUG 30892 --- [http-nio-8080-exec-6] o.s.security.web.FilterChainProxy        : Securing GET /api/public/books?availableOnly=false&page=6&size=10
2025-11-30T00:31:47.598+07:00 DEBUG 30892 --- [http-nio-8080-exec-6] o.s.s.w.a.AnonymousAuthenticationFilter  : Set SecurityContextHolder to anonymous SecurityContext
2025-11-30T00:31:47.625+07:00 DEBUG 30892 --- [http-nio-8080-exec-6] o.s.security.web.FilterChainProxy        : Secured GET /api/public/books?availableOnly=false&page=6&size=10
2025-11-30T00:31:47.648+07:00 DEBUG 30892 --- [http-nio-8080-exec-6] o.s.web.servlet.DispatcherServlet        : GET "/api/public/books?availableOnly=false&page=6&size=10", parameters={masked}
2025-11-30T00:31:47.661+07:00 DEBUG 30892 --- [http-nio-8080-exec-6] s.w.s.m.m.a.RequestMappingHandlerMapping : Mapped to com.ibizabroker.lms.controller.PublicBooksController#listBooks(String, String, Boolean, int, int)
2025-11-30T00:31:47.669+07:00  WARN 30892 --- [http-nio-8080-exec-6] org.hibernate.orm.query                  : HHH90003004: firstResult/maxResults specified with collection fetch; applying in memory
2025-11-30T00:31:47.677+07:00 DEBUG 30892 --- [http-nio-8080-exec-6] org.hibernate.SQL                        : select distinct b1_0.id,a1_0.book_id,a1_1.id,a1_1.name,c1_0.book_id,c1_1.id,c1_1.name,b1_0.cover_url,b1_0.isbn,b1_0.name,b1_0.number_of_copies_available,b1_0.published_year from books b1_0 left join book_authors a1_0 on b1_0.id=a1_0.book_id left join authors a1_1 on a1_1.id=a1_0.author_id left join book_categories c1_0 on b1_0.id=c1_0.book_id left join categories c1_1 on c1_1.id=c1_0.category_id where (? is null or ?='' or lower(b1_0.name) like replace(lower(concat('%',?,'%')),'\\','\\\\') or lower(a1_1.name) like replace(lower(concat('%',?,'%')),'\\','\\\\')) and (? is null or ?='' or c1_1.name=?) and (?=0 or b1_0.number_of_copies_available>0)
2025-11-30T00:31:47.717+07:00 DEBUG 30892 --- [http-nio-8080-exec-6] m.m.a.RequestResponseBodyMethodProcessor : Using 'application/json', given [application/json, text/plain, */*] and supported [application/json, application/*+json]
2025-11-30T00:31:47.719+07:00 DEBUG 30892 --- [http-nio-8080-exec-6] m.m.a.RequestResponseBodyMethodProcessor : Writing [Page 7 of 7 containing com.ibizabroker.lms.entity.Books instances]
2025-11-30T00:31:47.727+07:00 DEBUG 30892 --- [http-nio-8080-exec-6] o.s.web.servlet.DispatcherServlet        : Completed 200 OK
2025-11-30T00:45:27.439+07:00  INFO 22992 --- [main] c.ibizabroker.lms.LmsApplicationTests    : Starting LmsApplicationTests using Java 21.0.8 with PID 22992 (started by Admin in C:\Users\Admin\library-management-system\lms-backend)
2025-11-30T00:45:27.440+07:00 DEBUG 22992 --- [main] c.ibizabroker.lms.LmsApplicationTests    : Running with Spring Boot v3.5.8, Spring v6.2.14
2025-11-30T00:45:27.441+07:00  INFO 22992 --- [main] c.ibizabroker.lms.LmsApplicationTests    : No active profile set, falling back to 1 default profile: "default"
2025-11-30T00:45:27.505+07:00 DEBUG 22992 --- [main] o.s.w.c.s.GenericWebApplicationContext   : Refreshing org.springframework.web.context.support.GenericWebApplicationContext@89c65d5
2025-11-30T00:45:29.396+07:00  INFO 22992 --- [main] .s.d.r.c.RepositoryConfigurationDelegate : Multiple Spring Data modules found, entering strict repository configuration mode
2025-11-30T00:45:29.400+07:00  INFO 22992 --- [main] .s.d.r.c.RepositoryConfigurationDelegate : Bootstrapping Spring Data JPA repositories in DEFAULT mode.
2025-11-30T00:45:29.812+07:00  INFO 22992 --- [main] .s.d.r.c.RepositoryConfigurationDelegate : Finished Spring Data repository scanning in 389 ms. Found 10 JPA repository interfaces.
2025-11-30T00:45:29.843+07:00  INFO 22992 --- [main] .s.d.r.c.RepositoryConfigurationDelegate : Multiple Spring Data modules found, entering strict repository configuration mode
2025-11-30T00:45:29.848+07:00  INFO 22992 --- [main] .s.d.r.c.RepositoryConfigurationDelegate : Bootstrapping Spring Data Redis repositories in DEFAULT mode.
2025-11-30T00:45:29.881+07:00  INFO 22992 --- [main] .RepositoryConfigurationExtensionSupport : Spring Data Redis - Could not safely identify store assignment for repository candidate interface com.ibizabroker.lms.dao.AuthorRepository; If you want this repository to be a Redis repository, consider annotating your entities with one of these annotations: org.springframework.data.redis.core.RedisHash (preferred), or consider extending one of the following types with your repository: org.springframework.data.keyvalue.repository.KeyValueRepository
2025-11-30T00:45:29.882+07:00  INFO 22992 --- [main] .RepositoryConfigurationExtensionSupport : Spring Data Redis - Could not safely identify store assignment for repository candidate interface com.ibizabroker.lms.dao.BooksRepository; If you want this repository to be a Redis repository, consider annotating your entities with one of these annotations: org.springframework.data.redis.core.RedisHash (preferred), or consider extending one of the following types with your repository: org.springframework.data.keyvalue.repository.KeyValueRepository
2025-11-30T00:45:29.883+07:00  INFO 22992 --- [main] .RepositoryConfigurationExtensionSupport : Spring Data Redis - Could not safely identify store assignment for repository candidate interface com.ibizabroker.lms.dao.CategoryRepository; If you want this repository to be a Redis repository, consider annotating your entities with one of these annotations: org.springframework.data.redis.core.RedisHash (preferred), or consider extending one of the following types with your repository: org.springframework.data.keyvalue.repository.KeyValueRepository
2025-11-30T00:45:29.884+07:00  INFO 22992 --- [main] .RepositoryConfigurationExtensionSupport : Spring Data Redis - Could not safely identify store assignment for repository candidate interface com.ibizabroker.lms.dao.ChatMessageRepository; If you want this repository to be a Redis repository, consider annotating your entities with one of these annotations: org.springframework.data.redis.core.RedisHash (preferred), or consider extending one of the following types with your repository: org.springframework.data.keyvalue.repository.KeyValueRepository
2025-11-30T00:45:29.884+07:00  INFO 22992 --- [main] .RepositoryConfigurationExtensionSupport : Spring Data Redis - Could not safely identify store assignment for repository candidate interface com.ibizabroker.lms.dao.LoanRepository; If you want this repository to be a Redis repository, consider annotating your entities with one of these annotations: org.springframework.data.redis.core.RedisHash (preferred), or consider extending one of the following types with your repository: org.springframework.data.keyvalue.repository.KeyValueRepository
2025-11-30T00:45:29.885+07:00  INFO 22992 --- [main] .RepositoryConfigurationExtensionSupport : Spring Data Redis - Could not safely identify store assignment for repository candidate interface com.ibizabroker.lms.dao.ReservationRepository; If you want this repository to be a Redis repository, consider annotating your entities with one of these annotations: org.springframework.data.redis.core.RedisHash (preferred), or consider extending one of the following types with your repository: org.springframework.data.keyvalue.repository.KeyValueRepository
2025-11-30T00:45:29.886+07:00  INFO 22992 --- [main] .RepositoryConfigurationExtensionSupport : Spring Data Redis - Could not safely identify store assignment for repository candidate interface com.ibizabroker.lms.dao.ReviewRepository; If you want this repository to be a Redis repository, consider annotating your entities with one of these annotations: org.springframework.data.redis.core.RedisHash (preferred), or consider extending one of the following types with your repository: org.springframework.data.keyvalue.repository.KeyValueRepository
2025-11-30T00:45:29.886+07:00  INFO 22992 --- [main] .RepositoryConfigurationExtensionSupport : Spring Data Redis - Could not safely identify store assignment for repository candidate interface com.ibizabroker.lms.dao.RoleRepository; If you want this repository to be a Redis repository, consider annotating your entities with one of these annotations: org.springframework.data.redis.core.RedisHash (preferred), or consider extending one of the following types with your repository: org.springframework.data.keyvalue.repository.KeyValueRepository
2025-11-30T00:45:29.886+07:00  INFO 22992 --- [main] .RepositoryConfigurationExtensionSupport : Spring Data Redis - Could not safely identify store assignment for repository candidate interface com.ibizabroker.lms.dao.UsersRepository; If you want this repository to be a Redis repository, consider annotating your entities with one of these annotations: org.springframework.data.redis.core.RedisHash (preferred), or consider extending one of the following types with your repository: org.springframework.data.keyvalue.repository.KeyValueRepository
2025-11-30T00:45:29.887+07:00  INFO 22992 --- [main] .RepositoryConfigurationExtensionSupport : Spring Data Redis - Could not safely identify store assignment for repository candidate interface com.ibizabroker.lms.dao.WishlistRepository; If you want this repository to be a Redis repository, consider annotating your entities with one of these annotations: org.springframework.data.redis.core.RedisHash (preferred), or consider extending one of the following types with your repository: org.springframework.data.keyvalue.repository.KeyValueRepository
2025-11-30T00:45:29.887+07:00  INFO 22992 --- [main] .s.d.r.c.RepositoryConfigurationDelegate : Finished Spring Data repository scanning in 19 ms. Found 0 Redis repository interfaces.
2025-11-30T00:45:30.854+07:00  INFO 22992 --- [main] o.hibernate.jpa.internal.util.LogHelper  : HHH000204: Processing PersistenceUnitInfo [name: default]
2025-11-30T00:45:31.099+07:00  INFO 22992 --- [main] org.hibernate.Version                    : HHH000412: Hibernate ORM core version 6.6.36.Final
2025-11-30T00:45:31.201+07:00  INFO 22992 --- [main] o.h.c.internal.RegionFactoryInitiator    : HHH000026: Second-level cache disabled
2025-11-30T00:45:31.876+07:00  INFO 22992 --- [main] o.s.o.j.p.SpringPersistenceUnitInfo      : No LoadTimeWeaver setup: ignoring JPA class transformer
2025-11-30T00:45:31.928+07:00  INFO 22992 --- [main] com.zaxxer.hikari.HikariDataSource       : HikariPool-1 - Starting...
2025-11-30T00:45:32.167+07:00  INFO 22992 --- [main] com.zaxxer.hikari.pool.HikariPool        : HikariPool-1 - Added connection com.mysql.cj.jdbc.ConnectionImpl@4b2acb12
2025-11-30T00:45:32.171+07:00  INFO 22992 --- [main] com.zaxxer.hikari.HikariDataSource       : HikariPool-1 - Start completed.
2025-11-30T00:45:32.223+07:00  WARN 22992 --- [main] org.hibernate.dialect.Dialect            : HHH000511: The 5.5.5 version for [org.hibernate.dialect.MySQLDialect] is no longer supported, hence certain features may not work properly. The minimum supported version is 8.0.0. Check the community dialects project for available legacy versions.
2025-11-30T00:45:32.232+07:00  WARN 22992 --- [main] org.hibernate.orm.deprecation            : HHH90000025: MySQLDialect does not need to be specified explicitly using 'hibernate.dialect' (remove the property setting and it will be selected by default)
2025-11-30T00:45:32.269+07:00  INFO 22992 --- [main] org.hibernate.orm.connections.pooling    : HHH10001005: Database info:
	Database JDBC URL [Connecting through datasource 'HikariDataSource (HikariPool-1)']
	Database driver: undefined/unknown
	Database version: 5.5.5
	Autocommit mode: undefined/unknown
	Isolation level: undefined/unknown
	Minimum pool size: undefined/unknown
	Maximum pool size: undefined/unknown
2025-11-30T00:45:34.357+07:00  INFO 22992 --- [main] o.h.e.t.j.p.i.JtaPlatformInitiator       : HHH000489: No JTA platform available (set 'hibernate.transaction.jta.platform' to enable JTA platform integration)
2025-11-30T00:45:34.662+07:00 DEBUG 22992 --- [main] org.hibernate.SQL                        : alter table loans modify column status enum ('ACTIVE','OVERDUE','RETURNED') not null
2025-11-30T00:45:34.671+07:00 DEBUG 22992 --- [main] org.hibernate.SQL                        : alter table reservations modify column status enum ('ACTIVE','CANCELLED','EXPIRED','FULFILLED') not null
2025-11-30T00:45:34.784+07:00  INFO 22992 --- [main] j.LocalContainerEntityManagerFactoryBean : Initialized JPA EntityManagerFactory for persistence unit 'default'
2025-11-30T00:45:35.453+07:00  INFO 22992 --- [main] o.s.d.j.r.query.QueryEnhancerFactory     : Hibernate is in classpath; If applicable, HQL parser will be used.
2025-11-30T00:45:36.780+07:00  INFO 22992 --- [main] eAuthenticationProviderManagerConfigurer : Global AuthenticationManager configured with AuthenticationProvider bean with name authenticationProvider
2025-11-30T00:45:36.781+07:00  WARN 22992 --- [main] r$InitializeUserDetailsManagerConfigurer : Global AuthenticationManager configured with an AuthenticationProvider bean. UserDetailsService beans will not be used by Spring Security for automatically configuring username/password login. Consider removing the AuthenticationProvider bean. Alternatively, consider using the UserDetailsService in a manually instantiated DaoAuthenticationProvider. If the current configuration is intentional, to turn off this warning, increase the logging level of 'org.springframework.security.config.annotation.authentication.configuration.InitializeUserDetailsBeanManagerConfigurer' to ERROR
2025-11-30T00:45:37.908+07:00 DEBUG 22992 --- [main] s.w.s.m.m.a.RequestMappingHandlerMapping : 48 mappings in 'requestMappingHandlerMapping'
2025-11-30T00:45:38.115+07:00 DEBUG 22992 --- [main] o.s.w.s.handler.SimpleUrlHandlerMapping  : Patterns [/webjars/**, /**] in 'resourceHandlerMapping'
2025-11-30T00:45:38.387+07:00  INFO 22992 --- [main] o.s.b.a.e.web.EndpointLinksResolver      : Exposing 1 endpoint beneath base path '/actuator'
2025-11-30T00:45:38.565+07:00 DEBUG 22992 --- [main] o.s.s.web.DefaultSecurityFilterChain     : Will secure any request with filters: DisableEncodeUrlFilter, WebAsyncManagerIntegrationFilter, SecurityContextHolderFilter, HeaderWriterFilter, CorsFilter, LogoutFilter, JwtRequestFilter, RequestCacheAwareFilter, SecurityContextHolderAwareRequestFilter, AnonymousAuthenticationFilter, SessionManagementFilter, ExceptionTranslationFilter, AuthorizationFilter
2025-11-30T00:45:38.847+07:00 DEBUG 22992 --- [main] s.w.s.m.m.a.RequestMappingHandlerAdapter : ControllerAdvice beans: 0 @ModelAttribute, 0 @InitBinder, 1 RequestBodyAdvice, 1 ResponseBodyAdvice
2025-11-30T00:45:38.902+07:00 DEBUG 22992 --- [main] .m.m.a.ExceptionHandlerExceptionResolver : ControllerAdvice beans: 1 @ExceptionHandler, 1 ResponseBodyAdvice
2025-11-30T00:45:39.994+07:00  INFO 22992 --- [main] c.ibizabroker.lms.LmsApplicationTests    : Started LmsApplicationTests in 13.211 seconds (process running for 15.288)
2025-11-30T00:45:40.264+07:00 DEBUG 22992 --- [main] org.hibernate.SQL                        : select r1_0.role_id,r1_0.role_name from role r1_0 where r1_0.role_name=?
2025-11-30T00:45:40.307+07:00 DEBUG 22992 --- [main] org.hibernate.SQL                        : select r1_0.role_id,r1_0.role_name from role r1_0 where r1_0.role_name=?
2025-11-30T00:45:40.314+07:00 DEBUG 22992 --- [main] org.hibernate.SQL                        : select u1_0.user_id,u1_0.email,u1_0.name,u1_0.password,u1_0.phone_number,u1_0.student_class,u1_0.username from users u1_0 where u1_0.username=?
2025-11-30T00:45:40.338+07:00 DEBUG 22992 --- [main] org.hibernate.SQL                        : select u1_0.user_id,u1_0.email,u1_0.name,u1_0.password,u1_0.phone_number,u1_0.student_class,u1_0.username from users u1_0 where u1_0.username=?
2025-11-30T00:45:42.537+07:00 DEBUG 22992 --- [SpringApplicationShutdownHook] o.s.w.c.s.GenericWebApplicationContext   : Closing org.springframework.web.context.support.GenericWebApplicationContext@89c65d5, started on Sun Nov 30 00:45:27 ICT 2025
2025-11-30T00:45:42.588+07:00  INFO 22992 --- [SpringApplicationShutdownHook] j.LocalContainerEntityManagerFactoryBean : Closing JPA EntityManagerFactory for persistence unit 'default'
2025-11-30T00:45:42.595+07:00  INFO 22992 --- [SpringApplicationShutdownHook] com.zaxxer.hikari.HikariDataSource       : HikariPool-1 - Shutdown initiated...
2025-11-30T00:45:42.612+07:00  INFO 22992 --- [SpringApplicationShutdownHook] com.zaxxer.hikari.HikariDataSource       : HikariPool-1 - Shutdown completed.
2025-11-30T00:46:21.994+07:00  INFO 22756 --- [main] c.ibizabroker.lms.LmsApplicationTests    : Starting LmsApplicationTests using Java 21.0.8 with PID 22756 (started by Admin in C:\Users\Admin\library-management-system\lms-backend)
2025-11-30T00:46:21.996+07:00 DEBUG 22756 --- [main] c.ibizabroker.lms.LmsApplicationTests    : Running with Spring Boot v3.5.8, Spring v6.2.14
2025-11-30T00:46:21.998+07:00  INFO 22756 --- [main] c.ibizabroker.lms.LmsApplicationTests    : No active profile set, falling back to 1 default profile: "default"
2025-11-30T00:46:22.063+07:00 DEBUG 22756 --- [main] o.s.w.c.s.GenericWebApplicationContext   : Refreshing org.springframework.web.context.support.GenericWebApplicationContext@89c65d5
2025-11-30T00:46:23.805+07:00  INFO 22756 --- [main] .s.d.r.c.RepositoryConfigurationDelegate : Multiple Spring Data modules found, entering strict repository configuration mode
2025-11-30T00:46:23.810+07:00  INFO 22756 --- [main] .s.d.r.c.RepositoryConfigurationDelegate : Bootstrapping Spring Data JPA repositories in DEFAULT mode.
2025-11-30T00:46:24.082+07:00  INFO 22756 --- [main] .s.d.r.c.RepositoryConfigurationDelegate : Finished Spring Data repository scanning in 248 ms. Found 10 JPA repository interfaces.
2025-11-30T00:46:24.109+07:00  INFO 22756 --- [main] .s.d.r.c.RepositoryConfigurationDelegate : Multiple Spring Data modules found, entering strict repository configuration mode
2025-11-30T00:46:24.111+07:00  INFO 22756 --- [main] .s.d.r.c.RepositoryConfigurationDelegate : Bootstrapping Spring Data Redis repositories in DEFAULT mode.
2025-11-30T00:46:24.134+07:00  INFO 22756 --- [main] .RepositoryConfigurationExtensionSupport : Spring Data Redis - Could not safely identify store assignment for repository candidate interface com.ibizabroker.lms.dao.AuthorRepository; If you want this repository to be a Redis repository, consider annotating your entities with one of these annotations: org.springframework.data.redis.core.RedisHash (preferred), or consider extending one of the following types with your repository: org.springframework.data.keyvalue.repository.KeyValueRepository
2025-11-30T00:46:24.136+07:00  INFO 22756 --- [main] .RepositoryConfigurationExtensionSupport : Spring Data Redis - Could not safely identify store assignment for repository candidate interface com.ibizabroker.lms.dao.BooksRepository; If you want this repository to be a Redis repository, consider annotating your entities with one of these annotations: org.springframework.data.redis.core.RedisHash (preferred), or consider extending one of the following types with your repository: org.springframework.data.keyvalue.repository.KeyValueRepository
2025-11-30T00:46:24.136+07:00  INFO 22756 --- [main] .RepositoryConfigurationExtensionSupport : Spring Data Redis - Could not safely identify store assignment for repository candidate interface com.ibizabroker.lms.dao.CategoryRepository; If you want this repository to be a Redis repository, consider annotating your entities with one of these annotations: org.springframework.data.redis.core.RedisHash (preferred), or consider extending one of the following types with your repository: org.springframework.data.keyvalue.repository.KeyValueRepository
2025-11-30T00:46:24.136+07:00  INFO 22756 --- [main] .RepositoryConfigurationExtensionSupport : Spring Data Redis - Could not safely identify store assignment for repository candidate interface com.ibizabroker.lms.dao.ChatMessageRepository; If you want this repository to be a Redis repository, consider annotating your entities with one of these annotations: org.springframework.data.redis.core.RedisHash (preferred), or consider extending one of the following types with your repository: org.springframework.data.keyvalue.repository.KeyValueRepository
2025-11-30T00:46:24.137+07:00  INFO 22756 --- [main] .RepositoryConfigurationExtensionSupport : Spring Data Redis - Could not safely identify store assignment for repository candidate interface com.ibizabroker.lms.dao.LoanRepository; If you want this repository to be a Redis repository, consider annotating your entities with one of these annotations: org.springframework.data.redis.core.RedisHash (preferred), or consider extending one of the following types with your repository: org.springframework.data.keyvalue.repository.KeyValueRepository
2025-11-30T00:46:24.138+07:00  INFO 22756 --- [main] .RepositoryConfigurationExtensionSupport : Spring Data Redis - Could not safely identify store assignment for repository candidate interface com.ibizabroker.lms.dao.ReservationRepository; If you want this repository to be a Redis repository, consider annotating your entities with one of these annotations: org.springframework.data.redis.core.RedisHash (preferred), or consider extending one of the following types with your repository: org.springframework.data.keyvalue.repository.KeyValueRepository
2025-11-30T00:46:24.138+07:00  INFO 22756 --- [main] .RepositoryConfigurationExtensionSupport : Spring Data Redis - Could not safely identify store assignment for repository candidate interface com.ibizabroker.lms.dao.ReviewRepository; If you want this repository to be a Redis repository, consider annotating your entities with one of these annotations: org.springframework.data.redis.core.RedisHash (preferred), or consider extending one of the following types with your repository: org.springframework.data.keyvalue.repository.KeyValueRepository
2025-11-30T00:46:24.138+07:00  INFO 22756 --- [main] .RepositoryConfigurationExtensionSupport : Spring Data Redis - Could not safely identify store assignment for repository candidate interface com.ibizabroker.lms.dao.RoleRepository; If you want this repository to be a Redis repository, consider annotating your entities with one of these annotations: org.springframework.data.redis.core.RedisHash (preferred), or consider extending one of the following types with your repository: org.springframework.data.keyvalue.repository.KeyValueRepository
2025-11-30T00:46:24.139+07:00  INFO 22756 --- [main] .RepositoryConfigurationExtensionSupport : Spring Data Redis - Could not safely identify store assignment for repository candidate interface com.ibizabroker.lms.dao.UsersRepository; If you want this repository to be a Redis repository, consider annotating your entities with one of these annotations: org.springframework.data.redis.core.RedisHash (preferred), or consider extending one of the following types with your repository: org.springframework.data.keyvalue.repository.KeyValueRepository
2025-11-30T00:46:24.139+07:00  INFO 22756 --- [main] .RepositoryConfigurationExtensionSupport : Spring Data Redis - Could not safely identify store assignment for repository candidate interface com.ibizabroker.lms.dao.WishlistRepository; If you want this repository to be a Redis repository, consider annotating your entities with one of these annotations: org.springframework.data.redis.core.RedisHash (preferred), or consider extending one of the following types with your repository: org.springframework.data.keyvalue.repository.KeyValueRepository
2025-11-30T00:46:24.139+07:00  INFO 22756 --- [main] .s.d.r.c.RepositoryConfigurationDelegate : Finished Spring Data repository scanning in 13 ms. Found 0 Redis repository interfaces.
2025-11-30T00:46:25.061+07:00  INFO 22756 --- [main] o.hibernate.jpa.internal.util.LogHelper  : HHH000204: Processing PersistenceUnitInfo [name: default]
2025-11-30T00:46:25.140+07:00  INFO 22756 --- [main] org.hibernate.Version                    : HHH000412: Hibernate ORM core version 6.6.36.Final
2025-11-30T00:46:25.197+07:00  INFO 22756 --- [main] o.h.c.internal.RegionFactoryInitiator    : HHH000026: Second-level cache disabled
2025-11-30T00:46:25.645+07:00  INFO 22756 --- [main] o.s.o.j.p.SpringPersistenceUnitInfo      : No LoadTimeWeaver setup: ignoring JPA class transformer
2025-11-30T00:46:25.685+07:00  INFO 22756 --- [main] com.zaxxer.hikari.HikariDataSource       : HikariPool-1 - Starting...
2025-11-30T00:46:25.970+07:00  INFO 22756 --- [main] com.zaxxer.hikari.pool.HikariPool        : HikariPool-1 - Added connection com.mysql.cj.jdbc.ConnectionImpl@675230cd
2025-11-30T00:46:25.973+07:00  INFO 22756 --- [main] com.zaxxer.hikari.HikariDataSource       : HikariPool-1 - Start completed.
2025-11-30T00:46:26.035+07:00  WARN 22756 --- [main] org.hibernate.dialect.Dialect            : HHH000511: The 5.5.5 version for [org.hibernate.dialect.MySQLDialect] is no longer supported, hence certain features may not work properly. The minimum supported version is 8.0.0. Check the community dialects project for available legacy versions.
2025-11-30T00:46:26.043+07:00  WARN 22756 --- [main] org.hibernate.orm.deprecation            : HHH90000025: MySQLDialect does not need to be specified explicitly using 'hibernate.dialect' (remove the property setting and it will be selected by default)
2025-11-30T00:46:26.070+07:00  INFO 22756 --- [main] org.hibernate.orm.connections.pooling    : HHH10001005: Database info:
	Database JDBC URL [Connecting through datasource 'HikariDataSource (HikariPool-1)']
	Database driver: undefined/unknown
	Database version: 5.5.5
	Autocommit mode: undefined/unknown
	Isolation level: undefined/unknown
	Minimum pool size: undefined/unknown
	Maximum pool size: undefined/unknown
2025-11-30T00:46:28.199+07:00  INFO 22756 --- [main] o.h.e.t.j.p.i.JtaPlatformInitiator       : HHH000489: No JTA platform available (set 'hibernate.transaction.jta.platform' to enable JTA platform integration)
2025-11-30T00:46:28.492+07:00 DEBUG 22756 --- [main] org.hibernate.SQL                        : alter table loans modify column status enum ('ACTIVE','OVERDUE','RETURNED') not null
2025-11-30T00:46:28.501+07:00 DEBUG 22756 --- [main] org.hibernate.SQL                        : alter table reservations modify column status enum ('ACTIVE','CANCELLED','EXPIRED','FULFILLED') not null
2025-11-30T00:46:28.593+07:00  INFO 22756 --- [main] j.LocalContainerEntityManagerFactoryBean : Initialized JPA EntityManagerFactory for persistence unit 'default'
2025-11-30T00:46:29.113+07:00  INFO 22756 --- [main] o.s.d.j.r.query.QueryEnhancerFactory     : Hibernate is in classpath; If applicable, HQL parser will be used.
2025-11-30T00:46:30.717+07:00  INFO 22756 --- [main] eAuthenticationProviderManagerConfigurer : Global AuthenticationManager configured with AuthenticationProvider bean with name authenticationProvider
2025-11-30T00:46:30.718+07:00  WARN 22756 --- [main] r$InitializeUserDetailsManagerConfigurer : Global AuthenticationManager configured with an AuthenticationProvider bean. UserDetailsService beans will not be used by Spring Security for automatically configuring username/password login. Consider removing the AuthenticationProvider bean. Alternatively, consider using the UserDetailsService in a manually instantiated DaoAuthenticationProvider. If the current configuration is intentional, to turn off this warning, increase the logging level of 'org.springframework.security.config.annotation.authentication.configuration.InitializeUserDetailsBeanManagerConfigurer' to ERROR
2025-11-30T00:46:31.938+07:00 DEBUG 22756 --- [main] s.w.s.m.m.a.RequestMappingHandlerMapping : 48 mappings in 'requestMappingHandlerMapping'
2025-11-30T00:46:32.236+07:00 DEBUG 22756 --- [main] o.s.w.s.handler.SimpleUrlHandlerMapping  : Patterns [/webjars/**, /**] in 'resourceHandlerMapping'
2025-11-30T00:46:32.508+07:00  INFO 22756 --- [main] o.s.b.a.e.web.EndpointLinksResolver      : Exposing 1 endpoint beneath base path '/actuator'
2025-11-30T00:46:32.691+07:00 DEBUG 22756 --- [main] o.s.s.web.DefaultSecurityFilterChain     : Will secure any request with filters: DisableEncodeUrlFilter, WebAsyncManagerIntegrationFilter, SecurityContextHolderFilter, HeaderWriterFilter, CorsFilter, LogoutFilter, JwtRequestFilter, RequestCacheAwareFilter, SecurityContextHolderAwareRequestFilter, AnonymousAuthenticationFilter, SessionManagementFilter, ExceptionTranslationFilter, AuthorizationFilter
2025-11-30T00:46:32.960+07:00 DEBUG 22756 --- [main] s.w.s.m.m.a.RequestMappingHandlerAdapter : ControllerAdvice beans: 0 @ModelAttribute, 0 @InitBinder, 1 RequestBodyAdvice, 1 ResponseBodyAdvice
2025-11-30T00:46:33.058+07:00 DEBUG 22756 --- [main] .m.m.a.ExceptionHandlerExceptionResolver : ControllerAdvice beans: 1 @ExceptionHandler, 1 ResponseBodyAdvice
2025-11-30T00:46:33.977+07:00  INFO 22756 --- [main] c.ibizabroker.lms.LmsApplicationTests    : Started LmsApplicationTests in 12.459 seconds (process running for 14.458)
2025-11-30T00:46:34.199+07:00 DEBUG 22756 --- [main] org.hibernate.SQL                        : select r1_0.role_id,r1_0.role_name from role r1_0 where r1_0.role_name=?
2025-11-30T00:46:34.252+07:00 DEBUG 22756 --- [main] org.hibernate.SQL                        : select r1_0.role_id,r1_0.role_name from role r1_0 where r1_0.role_name=?
2025-11-30T00:46:34.256+07:00 DEBUG 22756 --- [main] org.hibernate.SQL                        : select u1_0.user_id,u1_0.email,u1_0.name,u1_0.password,u1_0.phone_number,u1_0.student_class,u1_0.username from users u1_0 where u1_0.username=?
2025-11-30T00:46:34.272+07:00 DEBUG 22756 --- [main] org.hibernate.SQL                        : select u1_0.user_id,u1_0.email,u1_0.name,u1_0.password,u1_0.phone_number,u1_0.student_class,u1_0.username from users u1_0 where u1_0.username=?
2025-11-30T00:46:36.285+07:00 DEBUG 22756 --- [SpringApplicationShutdownHook] o.s.w.c.s.GenericWebApplicationContext   : Closing org.springframework.web.context.support.GenericWebApplicationContext@89c65d5, started on Sun Nov 30 00:46:22 ICT 2025
2025-11-30T00:46:36.331+07:00  INFO 22756 --- [SpringApplicationShutdownHook] j.LocalContainerEntityManagerFactoryBean : Closing JPA EntityManagerFactory for persistence unit 'default'
2025-11-30T00:46:36.337+07:00  INFO 22756 --- [SpringApplicationShutdownHook] com.zaxxer.hikari.HikariDataSource       : HikariPool-1 - Shutdown initiated...
2025-11-30T00:46:36.354+07:00  INFO 22756 --- [SpringApplicationShutdownHook] com.zaxxer.hikari.HikariDataSource       : HikariPool-1 - Shutdown completed.
2025-11-30T00:46:52.607+07:00  INFO 31196 --- [main] c.ibizabroker.lms.LmsApplicationTests    : Starting LmsApplicationTests using Java 21.0.8 with PID 31196 (started by Admin in C:\Users\Admin\library-management-system\lms-backend)
2025-11-30T00:46:52.608+07:00 DEBUG 31196 --- [main] c.ibizabroker.lms.LmsApplicationTests    : Running with Spring Boot v3.5.8, Spring v6.2.14
2025-11-30T00:46:52.609+07:00  INFO 31196 --- [main] c.ibizabroker.lms.LmsApplicationTests    : No active profile set, falling back to 1 default profile: "default"
2025-11-30T00:46:52.662+07:00 DEBUG 31196 --- [main] o.s.w.c.s.GenericWebApplicationContext   : Refreshing org.springframework.web.context.support.GenericWebApplicationContext@89c65d5
2025-11-30T00:46:54.398+07:00  INFO 31196 --- [main] .s.d.r.c.RepositoryConfigurationDelegate : Multiple Spring Data modules found, entering strict repository configuration mode
2025-11-30T00:46:54.405+07:00  INFO 31196 --- [main] .s.d.r.c.RepositoryConfigurationDelegate : Bootstrapping Spring Data JPA repositories in DEFAULT mode.
2025-11-30T00:46:54.734+07:00  INFO 31196 --- [main] .s.d.r.c.RepositoryConfigurationDelegate : Finished Spring Data repository scanning in 303 ms. Found 10 JPA repository interfaces.
2025-11-30T00:46:54.776+07:00  INFO 31196 --- [main] .s.d.r.c.RepositoryConfigurationDelegate : Multiple Spring Data modules found, entering strict repository configuration mode
2025-11-30T00:46:54.779+07:00  INFO 31196 --- [main] .s.d.r.c.RepositoryConfigurationDelegate : Bootstrapping Spring Data Redis repositories in DEFAULT mode.
2025-11-30T00:46:54.822+07:00  INFO 31196 --- [main] .RepositoryConfigurationExtensionSupport : Spring Data Redis - Could not safely identify store assignment for repository candidate interface com.ibizabroker.lms.dao.AuthorRepository; If you want this repository to be a Redis repository, consider annotating your entities with one of these annotations: org.springframework.data.redis.core.RedisHash (preferred), or consider extending one of the following types with your repository: org.springframework.data.keyvalue.repository.KeyValueRepository
2025-11-30T00:46:54.824+07:00  INFO 31196 --- [main] .RepositoryConfigurationExtensionSupport : Spring Data Redis - Could not safely identify store assignment for repository candidate interface com.ibizabroker.lms.dao.BooksRepository; If you want this repository to be a Redis repository, consider annotating your entities with one of these annotations: org.springframework.data.redis.core.RedisHash (preferred), or consider extending one of the following types with your repository: org.springframework.data.keyvalue.repository.KeyValueRepository
2025-11-30T00:46:54.826+07:00  INFO 31196 --- [main] .RepositoryConfigurationExtensionSupport : Spring Data Redis - Could not safely identify store assignment for repository candidate interface com.ibizabroker.lms.dao.CategoryRepository; If you want this repository to be a Redis repository, consider annotating your entities with one of these annotations: org.springframework.data.redis.core.RedisHash (preferred), or consider extending one of the following types with your repository: org.springframework.data.keyvalue.repository.KeyValueRepository
2025-11-30T00:46:54.827+07:00  INFO 31196 --- [main] .RepositoryConfigurationExtensionSupport : Spring Data Redis - Could not safely identify store assignment for repository candidate interface com.ibizabroker.lms.dao.ChatMessageRepository; If you want this repository to be a Redis repository, consider annotating your entities with one of these annotations: org.springframework.data.redis.core.RedisHash (preferred), or consider extending one of the following types with your repository: org.springframework.data.keyvalue.repository.KeyValueRepository
2025-11-30T00:46:54.828+07:00  INFO 31196 --- [main] .RepositoryConfigurationExtensionSupport : Spring Data Redis - Could not safely identify store assignment for repository candidate interface com.ibizabroker.lms.dao.LoanRepository; If you want this repository to be a Redis repository, consider annotating your entities with one of these annotations: org.springframework.data.redis.core.RedisHash (preferred), or consider extending one of the following types with your repository: org.springframework.data.keyvalue.repository.KeyValueRepository
2025-11-30T00:46:54.830+07:00  INFO 31196 --- [main] .RepositoryConfigurationExtensionSupport : Spring Data Redis - Could not safely identify store assignment for repository candidate interface com.ibizabroker.lms.dao.ReservationRepository; If you want this repository to be a Redis repository, consider annotating your entities with one of these annotations: org.springframework.data.redis.core.RedisHash (preferred), or consider extending one of the following types with your repository: org.springframework.data.keyvalue.repository.KeyValueRepository
2025-11-30T00:46:54.831+07:00  INFO 31196 --- [main] .RepositoryConfigurationExtensionSupport : Spring Data Redis - Could not safely identify store assignment for repository candidate interface com.ibizabroker.lms.dao.ReviewRepository; If you want this repository to be a Redis repository, consider annotating your entities with one of these annotations: org.springframework.data.redis.core.RedisHash (preferred), or consider extending one of the following types with your repository: org.springframework.data.keyvalue.repository.KeyValueRepository
2025-11-30T00:46:54.831+07:00  INFO 31196 --- [main] .RepositoryConfigurationExtensionSupport : Spring Data Redis - Could not safely identify store assignment for repository candidate interface com.ibizabroker.lms.dao.RoleRepository; If you want this repository to be a Redis repository, consider annotating your entities with one of these annotations: org.springframework.data.redis.core.RedisHash (preferred), or consider extending one of the following types with your repository: org.springframework.data.keyvalue.repository.KeyValueRepository
2025-11-30T00:46:54.832+07:00  INFO 31196 --- [main] .RepositoryConfigurationExtensionSupport : Spring Data Redis - Could not safely identify store assignment for repository candidate interface com.ibizabroker.lms.dao.UsersRepository; If you want this repository to be a Redis repository, consider annotating your entities with one of these annotations: org.springframework.data.redis.core.RedisHash (preferred), or consider extending one of the following types with your repository: org.springframework.data.keyvalue.repository.KeyValueRepository
2025-11-30T00:46:54.832+07:00  INFO 31196 --- [main] .RepositoryConfigurationExtensionSupport : Spring Data Redis - Could not safely identify store assignment for repository candidate interface com.ibizabroker.lms.dao.WishlistRepository; If you want this repository to be a Redis repository, consider annotating your entities with one of these annotations: org.springframework.data.redis.core.RedisHash (preferred), or consider extending one of the following types with your repository: org.springframework.data.keyvalue.repository.KeyValueRepository
2025-11-30T00:46:54.832+07:00  INFO 31196 --- [main] .s.d.r.c.RepositoryConfigurationDelegate : Finished Spring Data repository scanning in 25 ms. Found 0 Redis repository interfaces.
2025-11-30T00:46:55.709+07:00  INFO 31196 --- [main] o.hibernate.jpa.internal.util.LogHelper  : HHH000204: Processing PersistenceUnitInfo [name: default]
2025-11-30T00:46:55.802+07:00  INFO 31196 --- [main] org.hibernate.Version                    : HHH000412: Hibernate ORM core version 6.6.36.Final
2025-11-30T00:46:55.879+07:00  INFO 31196 --- [main] o.h.c.internal.RegionFactoryInitiator    : HHH000026: Second-level cache disabled
2025-11-30T00:46:56.248+07:00  INFO 31196 --- [main] o.s.o.j.p.SpringPersistenceUnitInfo      : No LoadTimeWeaver setup: ignoring JPA class transformer
2025-11-30T00:46:56.289+07:00  INFO 31196 --- [main] com.zaxxer.hikari.HikariDataSource       : HikariPool-1 - Starting...
2025-11-30T00:46:56.530+07:00  INFO 31196 --- [main] com.zaxxer.hikari.pool.HikariPool        : HikariPool-1 - Added connection com.mysql.cj.jdbc.ConnectionImpl@4b2acb12
2025-11-30T00:46:56.532+07:00  INFO 31196 --- [main] com.zaxxer.hikari.HikariDataSource       : HikariPool-1 - Start completed.
2025-11-30T00:46:56.593+07:00  WARN 31196 --- [main] org.hibernate.dialect.Dialect            : HHH000511: The 5.5.5 version for [org.hibernate.dialect.MySQLDialect] is no longer supported, hence certain features may not work properly. The minimum supported version is 8.0.0. Check the community dialects project for available legacy versions.
2025-11-30T00:46:56.601+07:00  WARN 31196 --- [main] org.hibernate.orm.deprecation            : HHH90000025: MySQLDialect does not need to be specified explicitly using 'hibernate.dialect' (remove the property setting and it will be selected by default)
2025-11-30T00:46:56.637+07:00  INFO 31196 --- [main] org.hibernate.orm.connections.pooling    : HHH10001005: Database info:
	Database JDBC URL [Connecting through datasource 'HikariDataSource (HikariPool-1)']
	Database driver: undefined/unknown
	Database version: 5.5.5
	Autocommit mode: undefined/unknown
	Isolation level: undefined/unknown
	Minimum pool size: undefined/unknown
	Maximum pool size: undefined/unknown
2025-11-30T00:46:58.353+07:00  INFO 31196 --- [main] o.h.e.t.j.p.i.JtaPlatformInitiator       : HHH000489: No JTA platform available (set 'hibernate.transaction.jta.platform' to enable JTA platform integration)
2025-11-30T00:46:58.913+07:00 DEBUG 31196 --- [main] org.hibernate.SQL                        : alter table loans modify column status enum ('ACTIVE','OVERDUE','RETURNED') not null
2025-11-30T00:46:58.921+07:00 DEBUG 31196 --- [main] org.hibernate.SQL                        : alter table reservations modify column status enum ('ACTIVE','CANCELLED','EXPIRED','FULFILLED') not null
2025-11-30T00:46:59.008+07:00  INFO 31196 --- [main] j.LocalContainerEntityManagerFactoryBean : Initialized JPA EntityManagerFactory for persistence unit 'default'
2025-11-30T00:46:59.446+07:00  INFO 31196 --- [main] o.s.d.j.r.query.QueryEnhancerFactory     : Hibernate is in classpath; If applicable, HQL parser will be used.
2025-11-30T00:47:00.819+07:00  INFO 31196 --- [main] eAuthenticationProviderManagerConfigurer : Global AuthenticationManager configured with AuthenticationProvider bean with name authenticationProvider
2025-11-30T00:47:00.819+07:00  WARN 31196 --- [main] r$InitializeUserDetailsManagerConfigurer : Global AuthenticationManager configured with an AuthenticationProvider bean. UserDetailsService beans will not be used by Spring Security for automatically configuring username/password login. Consider removing the AuthenticationProvider bean. Alternatively, consider using the UserDetailsService in a manually instantiated DaoAuthenticationProvider. If the current configuration is intentional, to turn off this warning, increase the logging level of 'org.springframework.security.config.annotation.authentication.configuration.InitializeUserDetailsBeanManagerConfigurer' to ERROR
2025-11-30T00:47:02.019+07:00 DEBUG 31196 --- [main] s.w.s.m.m.a.RequestMappingHandlerMapping : 48 mappings in 'requestMappingHandlerMapping'
2025-11-30T00:47:02.266+07:00 DEBUG 31196 --- [main] o.s.w.s.handler.SimpleUrlHandlerMapping  : Patterns [/webjars/**, /**] in 'resourceHandlerMapping'
2025-11-30T00:47:02.455+07:00  INFO 31196 --- [main] o.s.b.a.e.web.EndpointLinksResolver      : Exposing 1 endpoint beneath base path '/actuator'
2025-11-30T00:47:02.738+07:00 DEBUG 31196 --- [main] o.s.s.web.DefaultSecurityFilterChain     : Will secure any request with filters: DisableEncodeUrlFilter, WebAsyncManagerIntegrationFilter, SecurityContextHolderFilter, HeaderWriterFilter, CorsFilter, LogoutFilter, JwtRequestFilter, RequestCacheAwareFilter, SecurityContextHolderAwareRequestFilter, AnonymousAuthenticationFilter, SessionManagementFilter, ExceptionTranslationFilter, AuthorizationFilter
2025-11-30T00:47:03.089+07:00 DEBUG 31196 --- [main] s.w.s.m.m.a.RequestMappingHandlerAdapter : ControllerAdvice beans: 0 @ModelAttribute, 0 @InitBinder, 1 RequestBodyAdvice, 1 ResponseBodyAdvice
2025-11-30T00:47:03.157+07:00 DEBUG 31196 --- [main] .m.m.a.ExceptionHandlerExceptionResolver : ControllerAdvice beans: 1 @ExceptionHandler, 1 ResponseBodyAdvice
2025-11-30T00:47:03.914+07:00  INFO 31196 --- [main] c.ibizabroker.lms.LmsApplicationTests    : Started LmsApplicationTests in 11.722 seconds (process running for 13.279)
2025-11-30T00:47:04.334+07:00 DEBUG 31196 --- [main] org.hibernate.SQL                        : select r1_0.role_id,r1_0.role_name from role r1_0 where r1_0.role_name=?
2025-11-30T00:47:04.392+07:00 DEBUG 31196 --- [main] org.hibernate.SQL                        : select r1_0.role_id,r1_0.role_name from role r1_0 where r1_0.role_name=?
2025-11-30T00:47:04.397+07:00 DEBUG 31196 --- [main] org.hibernate.SQL                        : select u1_0.user_id,u1_0.email,u1_0.name,u1_0.password,u1_0.phone_number,u1_0.student_class,u1_0.username from users u1_0 where u1_0.username=?
2025-11-30T00:47:04.417+07:00 DEBUG 31196 --- [main] org.hibernate.SQL                        : select u1_0.user_id,u1_0.email,u1_0.name,u1_0.password,u1_0.phone_number,u1_0.student_class,u1_0.username from users u1_0 where u1_0.username=?
2025-11-30T00:47:06.225+07:00 DEBUG 31196 --- [SpringApplicationShutdownHook] o.s.w.c.s.GenericWebApplicationContext   : Closing org.springframework.web.context.support.GenericWebApplicationContext@89c65d5, started on Sun Nov 30 00:46:52 ICT 2025
2025-11-30T00:47:06.267+07:00  INFO 31196 --- [SpringApplicationShutdownHook] j.LocalContainerEntityManagerFactoryBean : Closing JPA EntityManagerFactory for persistence unit 'default'
2025-11-30T00:47:06.271+07:00  INFO 31196 --- [SpringApplicationShutdownHook] com.zaxxer.hikari.HikariDataSource       : HikariPool-1 - Shutdown initiated...
2025-11-30T00:47:06.285+07:00  INFO 31196 --- [SpringApplicationShutdownHook] com.zaxxer.hikari.HikariDataSource       : HikariPool-1 - Shutdown completed.
